<?xml version="1.0" encoding="UTF-8"?>
<testng-results ignored="0" total="1" passed="1" failed="0" skipped="0">
  <reporter-output>
  </reporter-output>
  <suite started-at="2025-01-10T02:00:56 GMT+07:00" name="Default suite" finished-at="2025-01-10T02:01:22 GMT+07:00" duration-ms="26368">
    <groups>
    </groups>
    <test started-at="2025-01-10T02:00:56 GMT+07:00" name="Default test" finished-at="2025-01-10T02:01:22 GMT+07:00" duration-ms="26368">
      <class name="LAT_AutoTest.SignIn">
        <test-method is-config="true" signature="setup()[pri:0, instance:LAT_AutoTest.SignIn@4fb61f4a]" started-at="2025-01-10T02:00:56 GMT+07:00" name="setup" finished-at="2025-01-10T02:00:58 GMT+07:00" duration-ms="1871" status="PASS">
          <reporter-output>
          </reporter-output>
        </test-method> <!-- setup -->
        <test-method signature="loginTest()[pri:1, instance:LAT_AutoTest.SignIn@4fb61f4a]" started-at="2025-01-10T02:00:58 GMT+07:00" name="loginTest" finished-at="2025-01-10T02:01:22 GMT+07:00" duration-ms="24470" status="PASS">
          <reporter-output>
          </reporter-output>
        </test-method> <!-- loginTest -->
      </class> <!-- LAT_AutoTest.SignIn -->
    </test> <!-- Default test -->
  </suite> <!-- Default suite -->
</testng-results>
